<?xml version="1.0" encoding="UTF-8"?>
<!-- Generated by org.testng.reporters.JUnitReportReporter -->
<testsuite hostname="DESKTOP-M3CHQ9U" failures="0" tests="1" name="Maven_project.Testcase01" time="10.624" errors="0" timestamp="2023-04-24T16:19:00 IST" skipped="0">
  <testcase classname="Maven_project.Testcase01" name="executeuser" time="10.624"/>
  <system-out>
    <![CDATA[executeuser -test script Success]]>
  </system-out>
</testsuite> <!-- Maven_project.Testcase01 -->
