<?xml version="1.0" encoding="UTF-8"?>
<!-- Generated by org.testng.reporters.JUnitReportReporter -->
<testsuite hostname="DESKTOP-M3CHQ9U" failures="0" tests="1" name="Maven_project.Testcase02" time="9.135" errors="0" timestamp="2023-04-24T16:19:00 IST" skipped="0">
  <testcase classname="Maven_project.Testcase02" name="executeTask" time="9.135"/>
  <system-out/>
</testsuite> <!-- Maven_project.Testcase02 -->
