<?xml version="1.0" encoding="UTF-8"?>
<!-- Generated by org.testng.reporters.JUnitReportReporter -->
<testsuite hostname="DESKTOP-M3CHQ9U" failures="0" tests="1" name="Maven_project.Qrcode_automation" time="10.390" errors="0" timestamp="2023-04-20T14:56:39 IST" skipped="0">
  <testcase classname="Maven_project.Qrcode_automation" name="testqrcode" time="10.390"/>
  <system-out/>
</testsuite> <!-- Maven_project.Qrcode_automation -->
