<?xml version="1.0" encoding="UTF-8"?>
<!-- Generated by org.testng.reporters.JUnitReportReporter -->
<testsuite hostname="DESKTOP-M3CHQ9U" failures="0" tests="1" name="Maven_project.demop" time="5.665" errors="0" timestamp="2023-04-24T16:35:30 IST" skipped="0">
  <testcase classname="Maven_project.demop" name="test1" time="5.665"/>
  <system-out/>
</testsuite> <!-- Maven_project.demop -->
